Using pre-set license

 COMMAND LINE ARGUMENTS:
/Applications/Unity/Hub/Editor/2020.2.1f1/Unity.app/Contents/MacOS/Unity
-adb2
-batchMode
-noUpm
-name
AssetImportWorker0
-projectPath
/Users/arturo/projects/unity/unity2d/BlockBreaker
-logFile
Logs/AssetImportWorker0.log
-srvPort
63501
Successfully changed project path to: /Users/arturo/projects/unity/unity2d/BlockBreaker
/Users/arturo/projects/unity/unity2d/BlockBreaker
Using Asset Import Pipeline V2.
Refreshing native plugins compatible for Editor in 48.05 ms, found 2 plugins.
Preloading 0 native plugins for Editor in 0.00 ms.
Initialize engine version: 2020.2.1f1 (270dd8c3da1c)
[Subsystems] Discovering subsystems at path /Applications/Unity/Hub/Editor/2020.2.1f1/Unity.app/Contents/Resources/UnitySubsystems
[Subsystems] Discovering subsystems at path /Users/arturo/projects/unity/unity2d/BlockBreaker/Assets
GfxDevice: creating device client; threaded=0
2020-12-28 20:17:09.915 Unity[4167:3770194] Color LCD preferred device: Intel Iris Pro Graphics (low power)
2020-12-28 20:17:09.915 Unity[4167:3770194] Metal devices available: 1
2020-12-28 20:17:09.915 Unity[4167:3770194] 0: Intel Iris Pro Graphics (low power)
2020-12-28 20:17:09.916 Unity[4167:3770194] Using device Intel Iris Pro Graphics (low power)
Initializing Metal device caps: Intel Iris Pro Graphics
Initialize mono
Mono path[0] = '/Applications/Unity/Hub/Editor/2020.2.1f1/Unity.app/Contents/Managed'
Mono path[1] = '/Applications/Unity/Hub/Editor/2020.2.1f1/Unity.app/Contents/MonoBleedingEdge/lib/mono/unityjit'
Mono config path = '/Applications/Unity/Hub/Editor/2020.2.1f1/Unity.app/Contents/MonoBleedingEdge/etc'
Using monoOptions --debugger-agent=transport=dt_socket,embedding=1,server=y,suspend=n,address=127.0.0.1:56167
Begin MonoManager ReloadAssembly
Registering precompiled unity dll's ...
Register platform support module: /Applications/Unity/Hub/Editor/2020.2.1f1/PlaybackEngines/WebGLSupport/UnityEditor.WebGL.Extensions.dll
Register platform support module: /Applications/Unity/Hub/Editor/2020.2.1f1/Unity.app/Contents/PlaybackEngines/MacStandaloneSupport/UnityEditor.OSXStandalone.Extensions.dll
Registered in 0.002859 seconds.
Native extension for OSXStandalone target not found
Native extension for WebGL target not found
Refreshing native plugins compatible for Editor in 48.98 ms, found 2 plugins.
Preloading 0 native plugins for Editor in 0.00 ms.
Invoked RoslynAnalysisRunner static constructor.
RoslynAnalysisRunner will not be running.
RoslynAnalysisRunner has terminated.
Mono: successfully reloaded assembly
- Completed reload, in  3.247 seconds
Platform modules already initialized, skipping
Registering precompiled user dll's ...
Registered in 0.000585 seconds.
Begin MonoManager ReloadAssembly
Native extension for OSXStandalone target not found
Native extension for WebGL target not found
Refreshing native plugins compatible for Editor in 43.80 ms, found 2 plugins.
Preloading 0 native plugins for Editor in 0.00 ms.
Invoked RoslynAnalysisRunner static constructor.
RoslynAnalysisRunner will not be running.
RoslynAnalysisRunner has terminated.
Mono: successfully reloaded assembly
- Completed reload, in  1.436 seconds
Platform modules already initialized, skipping
========================================================================
Worker process is ready to serve import requests
Launching external process: /Applications/Unity/Hub/Editor/2020.2.1f1/Unity.app/Contents/Tools/UnityShaderCompiler
Launched and connected shader compiler UnityShaderCompiler after 0.02 seconds
Refreshing native plugins compatible for Editor in 0.39 ms, found 2 plugins.
Preloading 0 native plugins for Editor in 0.00 ms.
Unloading 1770 Unused Serialized files (Serialized files now loaded: 0)
System memory in use before: 142.3 MB.
System memory in use after: 142.3 MB.

Unloading 19 unused Assets to reduce memory usage. Loaded Objects now: 2214.
Total: 2.358258 ms (FindLiveObjects: 0.193802 ms CreateObjectMapping: 0.070683 ms MarkObjects: 2.026289 ms  DeleteObjects: 0.066409 ms)

========================================================================
Received Import Request.
  path: Assets
  artifactKey: Guid(00000000000000001000000000000000) Importer(815301076,1909f56bfc062723c751e8b465ee728b)
Start importing Assets using Guid(00000000000000001000000000000000) Importer(815301076,1909f56bfc062723c751e8b465ee728b)  -> (artifact id: 'e1a2c4dac9df7c17871e19a3b74f0e9f') in 0.004050 seconds
  Import took 0.007305 seconds .

========================================================================
Received Import Request.
  Time since last request: 0.000240 seconds.
  path: Assets/Scenes
  artifactKey: Guid(f5c6210705f9f4c988133ef0cfd02f76) Importer(815301076,1909f56bfc062723c751e8b465ee728b)
Start importing Assets/Scenes using Guid(f5c6210705f9f4c988133ef0cfd02f76) Importer(815301076,1909f56bfc062723c751e8b465ee728b)  -> (artifact id: 'faa349d86385caa55869cb9b7fd773fa') in 0.001124 seconds
  Import took 0.004411 seconds .

========================================================================
Received Import Request.
  Time since last request: 2.528736 seconds.
  path: Assets/Scenes/Start Menu.unity
  artifactKey: Guid(0a9ea264be0d947e8b4547a35511fcfc) Importer(815301076,1909f56bfc062723c751e8b465ee728b)
Start importing Assets/Scenes/Start Menu.unity using Guid(0a9ea264be0d947e8b4547a35511fcfc) Importer(815301076,1909f56bfc062723c751e8b465ee728b)  -> (artifact id: '5c2c66ffb6337da68cff73dba5991f81') in 0.015118 seconds
  Import took 0.018876 seconds .

========================================================================
Received Import Request.
  Time since last request: 4.403167 seconds.
  path: Assets/Scenes/SampleScene.unity
  artifactKey: Guid(2cda990e2423bbf4892e6590ba056729) Importer(815301076,1909f56bfc062723c751e8b465ee728b)
Start importing Assets/Scenes/SampleScene.unity using Guid(2cda990e2423bbf4892e6590ba056729) Importer(815301076,1909f56bfc062723c751e8b465ee728b)  -> (artifact id: '68e638b9c95263cbd6c5b1eb18544bd4') in 0.003054 seconds
  Import took 0.007579 seconds .

========================================================================
Received Import Request.
  Time since last request: 0.000318 seconds.
  path: Assets/Scenes/SampleScene.unity
  artifactKey: Guid(2cda990e2423bbf4892e6590ba056729) Importer(815301076,1909f56bfc062723c751e8b465ee728b)
Start importing Assets/Scenes/SampleScene.unity using Guid(2cda990e2423bbf4892e6590ba056729) Importer(815301076,1909f56bfc062723c751e8b465ee728b)  -> (artifact id: '68e638b9c95263cbd6c5b1eb18544bd4') in 0.001247 seconds
  Import took 0.005163 seconds .

========================================================================
Received Import Request.
  Time since last request: 8.267211 seconds.
  path: Assets/Scenes/SampleScene.unity
  artifactKey: Guid(2cda990e2423bbf4892e6590ba056729) Importer(815301076,1909f56bfc062723c751e8b465ee728b)
Start importing Assets/Scenes/SampleScene.unity using Guid(2cda990e2423bbf4892e6590ba056729) Importer(815301076,1909f56bfc062723c751e8b465ee728b)  -> (artifact id: 'ae66399a839fd0207f040fb411d61ebc') in 0.004297 seconds
  Import took 0.008564 seconds .

========================================================================
Received Import Request.
  Time since last request: 614.614007 seconds.
  path: Assets/Scripts
  artifactKey: Guid(54cdbc361c815409f8dec92f50ff8711) Importer(815301076,1909f56bfc062723c751e8b465ee728b)
Start importing Assets/Scripts using Guid(54cdbc361c815409f8dec92f50ff8711) Importer(815301076,1909f56bfc062723c751e8b465ee728b)  -> (artifact id: 'b747e8cd72aefe538902ba1be6e6c5de') in 0.003130 seconds
  Import took 0.006671 seconds .

========================================================================
Received Import Request.
  Time since last request: 0.000691 seconds.
  path: Assets/Scripts
  artifactKey: Guid(54cdbc361c815409f8dec92f50ff8711) Importer(815301076,1909f56bfc062723c751e8b465ee728b)
Start importing Assets/Scripts using Guid(54cdbc361c815409f8dec92f50ff8711) Importer(815301076,1909f56bfc062723c751e8b465ee728b)  -> (artifact id: 'b747e8cd72aefe538902ba1be6e6c5de') in 0.002157 seconds
  Import took 0.005297 seconds .

========================================================================
Received Prepare
Registering precompiled user dll's ...
Registered in 0.000615 seconds.
Begin MonoManager ReloadAssembly
Native extension for OSXStandalone target not found
Native extension for WebGL target not found
Refreshing native plugins compatible for Editor in 0.40 ms, found 2 plugins.
Preloading 0 native plugins for Editor in 0.00 ms.
Invoked RoslynAnalysisRunner static constructor.
RoslynAnalysisRunner will not be running.
RoslynAnalysisRunner has terminated.
Mono: successfully reloaded assembly
- Completed reload, in  1.212 seconds
Platform modules already initialized, skipping
Refreshing native plugins compatible for Editor in 0.47 ms, found 2 plugins.
Preloading 0 native plugins for Editor in 0.00 ms.
Unloading 1761 Unused Serialized files (Serialized files now loaded: 0)
System memory in use before: 142.2 MB.
System memory in use after: 142.3 MB.

Unloading 8 unused Assets to reduce memory usage. Loaded Objects now: 2217.
Total: 2.863395 ms (FindLiveObjects: 0.283975 ms CreateObjectMapping: 0.120245 ms MarkObjects: 2.438065 ms  DeleteObjects: 0.019171 ms)

========================================================================
Received Import Request.
  Time since last request: 25.214938 seconds.
  path: Assets/SceneLoader.cs
  artifactKey: Guid(0b5625170d36640c2b4357bf1cd76e67) Importer(815301076,1909f56bfc062723c751e8b465ee728b)
Start importing Assets/SceneLoader.cs using Guid(0b5625170d36640c2b4357bf1cd76e67) Importer(815301076,1909f56bfc062723c751e8b465ee728b)  -> (artifact id: '8af0deb5bc81ef943e63aff72c514ecb') in 2.403118 seconds
  Import took 2.407121 seconds .

========================================================================
Received Import Request.
  Time since last request: 0.000210 seconds.
  path: Assets/Scripts/SceneLoader.cs
  artifactKey: Guid(0b5625170d36640c2b4357bf1cd76e67) Importer(815301076,1909f56bfc062723c751e8b465ee728b)
Start importing Assets/Scripts/SceneLoader.cs using Guid(0b5625170d36640c2b4357bf1cd76e67) Importer(815301076,1909f56bfc062723c751e8b465ee728b)  -> (artifact id: '8af0deb5bc81ef943e63aff72c514ecb') in 0.001574 seconds
  Import took 0.004509 seconds .

========================================================================
Received Prepare
Registering precompiled user dll's ...
Registered in 0.000678 seconds.
Begin MonoManager ReloadAssembly
Native extension for OSXStandalone target not found
Native extension for WebGL target not found
Refreshing native plugins compatible for Editor in 0.68 ms, found 2 plugins.
Preloading 0 native plugins for Editor in 0.00 ms.
Invoked RoslynAnalysisRunner static constructor.
RoslynAnalysisRunner will not be running.
RoslynAnalysisRunner has terminated.
Mono: successfully reloaded assembly
- Completed reload, in  1.469 seconds
Platform modules already initialized, skipping
Refreshing native plugins compatible for Editor in 0.50 ms, found 2 plugins.
Preloading 0 native plugins for Editor in 0.00 ms.
Unloading 1761 Unused Serialized files (Serialized files now loaded: 0)
System memory in use before: 147.0 MB.
System memory in use after: 147.1 MB.

Unloading 8 unused Assets to reduce memory usage. Loaded Objects now: 2219.
Total: 2.749890 ms (FindLiveObjects: 0.451595 ms CreateObjectMapping: 0.100433 ms MarkObjects: 2.178526 ms  DeleteObjects: 0.017390 ms)

========================================================================
Received Prepare
Registering precompiled user dll's ...
Registered in 0.000596 seconds.
Begin MonoManager ReloadAssembly
Native extension for OSXStandalone target not found
Native extension for WebGL target not found
Refreshing native plugins compatible for Editor in 0.43 ms, found 2 plugins.
Preloading 0 native plugins for Editor in 0.00 ms.
Invoked RoslynAnalysisRunner static constructor.
RoslynAnalysisRunner will not be running.
RoslynAnalysisRunner has terminated.
Mono: successfully reloaded assembly
- Completed reload, in  1.235 seconds
Platform modules already initialized, skipping
Refreshing native plugins compatible for Editor in 0.32 ms, found 2 plugins.
Preloading 0 native plugins for Editor in 0.00 ms.
Unloading 1761 Unused Serialized files (Serialized files now loaded: 0)
System memory in use before: 147.3 MB.
System memory in use after: 147.4 MB.

Unloading 8 unused Assets to reduce memory usage. Loaded Objects now: 2221.
Total: 2.760018 ms (FindLiveObjects: 0.326685 ms CreateObjectMapping: 0.080569 ms MarkObjects: 2.334776 ms  DeleteObjects: 0.016319 ms)

========================================================================
Received Import Request.
  Time since last request: 72.979833 seconds.
  path: Assets/Scripts/SceneLoader.cs
  artifactKey: Guid(0b5625170d36640c2b4357bf1cd76e67) Importer(815301076,1909f56bfc062723c751e8b465ee728b)
Start importing Assets/Scripts/SceneLoader.cs using Guid(0b5625170d36640c2b4357bf1cd76e67) Importer(815301076,1909f56bfc062723c751e8b465ee728b)  -> (artifact id: '6b6887adb0bf597828372b4e14624e1b') in 0.007478 seconds
  Import took 0.011932 seconds .

========================================================================
Received Import Request.
  Time since last request: 175.364015 seconds.
  path: Assets/Scenes/Core Game.unity
  artifactKey: Guid(20ae4801792c5401688d7b36e9680c88) Importer(815301076,1909f56bfc062723c751e8b465ee728b)
Start importing Assets/Scenes/Core Game.unity using Guid(20ae4801792c5401688d7b36e9680c88) Importer(815301076,1909f56bfc062723c751e8b465ee728b)  -> (artifact id: '9c7d489acc259ad671d01231d87a4e78') in 0.012417 seconds
  Import took 0.016234 seconds .

========================================================================
Received Import Request.
  Time since last request: 65.679124 seconds.
  path: Assets/Scenes/Win Screen.unity
  artifactKey: Guid(daea1346ccd0e4f57a0564548b370e57) Importer(815301076,1909f56bfc062723c751e8b465ee728b)
Start importing Assets/Scenes/Win Screen.unity using Guid(daea1346ccd0e4f57a0564548b370e57) Importer(815301076,1909f56bfc062723c751e8b465ee728b)  -> (artifact id: '689b8b0b7f433182bc2cb8889359cb33') in 0.004232 seconds
  Import took 0.007624 seconds .

========================================================================
Received Import Request.
  Time since last request: 0.009245 seconds.
  path: Assets/Scenes/Win Screen.unity
  artifactKey: Guid(daea1346ccd0e4f57a0564548b370e57) Importer(815301076,1909f56bfc062723c751e8b465ee728b)
Start importing Assets/Scenes/Win Screen.unity using Guid(daea1346ccd0e4f57a0564548b370e57) Importer(815301076,1909f56bfc062723c751e8b465ee728b)  -> (artifact id: '689b8b0b7f433182bc2cb8889359cb33') in 0.002207 seconds
  Import took 0.005482 seconds .

========================================================================
Received Prepare
Registering precompiled user dll's ...
Registered in 0.000767 seconds.
Begin MonoManager ReloadAssembly
Native extension for OSXStandalone target not found
Native extension for WebGL target not found
Refreshing native plugins compatible for Editor in 0.37 ms, found 2 plugins.
Preloading 0 native plugins for Editor in 0.00 ms.
Invoked RoslynAnalysisRunner static constructor.
RoslynAnalysisRunner will not be running.
RoslynAnalysisRunner has terminated.
Mono: successfully reloaded assembly
- Completed reload, in  1.258 seconds
Platform modules already initialized, skipping
Refreshing native plugins compatible for Editor in 0.39 ms, found 2 plugins.
Preloading 0 native plugins for Editor in 0.00 ms.
Unloading 1761 Unused Serialized files (Serialized files now loaded: 0)
System memory in use before: 147.7 MB.
System memory in use after: 147.8 MB.

Unloading 8 unused Assets to reduce memory usage. Loaded Objects now: 2223.
Total: 2.292829 ms (FindLiveObjects: 0.314998 ms CreateObjectMapping: 0.068067 ms MarkObjects: 1.893999 ms  DeleteObjects: 0.014313 ms)

========================================================================
Received Import Request.
  Time since last request: 229.219878 seconds.
  path: Assets/Scenes/Start Menu.unity
  artifactKey: Guid(0a9ea264be0d947e8b4547a35511fcfc) Importer(815301076,1909f56bfc062723c751e8b465ee728b)
Start importing Assets/Scenes/Start Menu.unity using Guid(0a9ea264be0d947e8b4547a35511fcfc) Importer(815301076,1909f56bfc062723c751e8b465ee728b)  -> (artifact id: '38f177024c5839507b7ade67be053d0c') in 0.015811 seconds
  Import took 0.020190 seconds .

========================================================================
Received Prepare
Registering precompiled user dll's ...
Registered in 0.000605 seconds.
Begin MonoManager ReloadAssembly
Native extension for OSXStandalone target not found
Native extension for WebGL target not found
Refreshing native plugins compatible for Editor in 0.38 ms, found 2 plugins.
Preloading 0 native plugins for Editor in 0.00 ms.
Invoked RoslynAnalysisRunner static constructor.
RoslynAnalysisRunner will not be running.
RoslynAnalysisRunner has terminated.
Mono: successfully reloaded assembly
- Completed reload, in  1.306 seconds
Platform modules already initialized, skipping
Refreshing native plugins compatible for Editor in 0.31 ms, found 2 plugins.
Preloading 0 native plugins for Editor in 0.00 ms.
Unloading 1761 Unused Serialized files (Serialized files now loaded: 0)
System memory in use before: 148.0 MB.
System memory in use after: 148.1 MB.

Unloading 8 unused Assets to reduce memory usage. Loaded Objects now: 2225.
Total: 2.908652 ms (FindLiveObjects: 0.455230 ms CreateObjectMapping: 0.108490 ms MarkObjects: 2.325382 ms  DeleteObjects: 0.017622 ms)

========================================================================
Received Import Request.
  Time since last request: 6.272346 seconds.
  path: Assets/Scenes/Win Screen.unity
  artifactKey: Guid(daea1346ccd0e4f57a0564548b370e57) Importer(815301076,1909f56bfc062723c751e8b465ee728b)
Start importing Assets/Scenes/Win Screen.unity using Guid(daea1346ccd0e4f57a0564548b370e57) Importer(815301076,1909f56bfc062723c751e8b465ee728b)  -> (artifact id: '720f0a7d08b8d9991372c27e1ca9fe4c') in 0.019172 seconds
  Import took 0.023776 seconds .

========================================================================
Received Import Request.
  Time since last request: 29.938204 seconds.
  path: Assets/Scenes/Level 1.unity
  artifactKey: Guid(20ae4801792c5401688d7b36e9680c88) Importer(815301076,1909f56bfc062723c751e8b465ee728b)
Start importing Assets/Scenes/Level 1.unity using Guid(20ae4801792c5401688d7b36e9680c88) Importer(815301076,1909f56bfc062723c751e8b465ee728b)  -> (artifact id: '1195133547c3013d92fb00a1cce50f87') in 0.003377 seconds
  Import took 0.007117 seconds .

========================================================================
Received Import Request.
  Time since last request: 22.972038 seconds.
  path: Assets/Scenes/Win Screen.unity
  artifactKey: Guid(daea1346ccd0e4f57a0564548b370e57) Importer(815301076,1909f56bfc062723c751e8b465ee728b)
Start importing Assets/Scenes/Win Screen.unity using Guid(daea1346ccd0e4f57a0564548b370e57) Importer(815301076,1909f56bfc062723c751e8b465ee728b)  -> (artifact id: '31f4e4c892a22d5e114e67f261ce68a3') in 0.003619 seconds
  Import took 0.006878 seconds .

========================================================================
Received Import Request.
  Time since last request: 51.893439 seconds.
  path: Assets/Scenes/Win Screen.unity
  artifactKey: Guid(daea1346ccd0e4f57a0564548b370e57) Importer(815301076,1909f56bfc062723c751e8b465ee728b)
Start importing Assets/Scenes/Win Screen.unity using Guid(daea1346ccd0e4f57a0564548b370e57) Importer(815301076,1909f56bfc062723c751e8b465ee728b)  -> (artifact id: '46e620729b4a5051bf9fad70ae580cd6') in 0.003671 seconds
  Import took 0.007378 seconds .

========================================================================
Received Prepare
Registering precompiled user dll's ...
Registered in 0.000699 seconds.
Begin MonoManager ReloadAssembly
Native extension for OSXStandalone target not found
Native extension for WebGL target not found
Refreshing native plugins compatible for Editor in 0.40 ms, found 2 plugins.
Preloading 0 native plugins for Editor in 0.00 ms.
Invoked RoslynAnalysisRunner static constructor.
RoslynAnalysisRunner will not be running.
RoslynAnalysisRunner has terminated.
Mono: successfully reloaded assembly
- Completed reload, in  1.266 seconds
Platform modules already initialized, skipping
Refreshing native plugins compatible for Editor in 0.39 ms, found 2 plugins.
Preloading 0 native plugins for Editor in 0.00 ms.
Unloading 1761 Unused Serialized files (Serialized files now loaded: 0)
System memory in use before: 148.4 MB.
System memory in use after: 148.5 MB.

Unloading 8 unused Assets to reduce memory usage. Loaded Objects now: 2227.
Total: 2.964231 ms (FindLiveObjects: 0.347957 ms CreateObjectMapping: 0.117123 ms MarkObjects: 2.476071 ms  DeleteObjects: 0.021463 ms)

========================================================================
Received Import Request.
  Time since last request: 117.615660 seconds.
  path: Assets/Scenes/Win Screen.unity
  artifactKey: Guid(daea1346ccd0e4f57a0564548b370e57) Importer(815301076,1909f56bfc062723c751e8b465ee728b)
Start importing Assets/Scenes/Win Screen.unity using Guid(daea1346ccd0e4f57a0564548b370e57) Importer(815301076,1909f56bfc062723c751e8b465ee728b)  -> (artifact id: '479dcd16fcca96f9365af1c4ca0acfec') in 0.019433 seconds
  Import took 0.023426 seconds .

========================================================================
Received Import Request.
  Time since last request: 6.184763 seconds.
  path: Assets/Scenes/Game Over.unity
  artifactKey: Guid(daea1346ccd0e4f57a0564548b370e57) Importer(815301076,1909f56bfc062723c751e8b465ee728b)
Start importing Assets/Scenes/Game Over.unity using Guid(daea1346ccd0e4f57a0564548b370e57) Importer(815301076,1909f56bfc062723c751e8b465ee728b)  -> (artifact id: 'cd78ed01573440423e125113be6c2486') in 0.003142 seconds
  Import took 0.007280 seconds .

========================================================================
Received Import Request.
  Time since last request: 38.372989 seconds.
  path: Assets/Scenes/Level 1.unity
  artifactKey: Guid(20ae4801792c5401688d7b36e9680c88) Importer(815301076,1909f56bfc062723c751e8b465ee728b)
Start importing Assets/Scenes/Level 1.unity using Guid(20ae4801792c5401688d7b36e9680c88) Importer(815301076,1909f56bfc062723c751e8b465ee728b)  -> (artifact id: 'ff02558ec796ebd1ddcce447662b6c8b') in 0.003860 seconds
  Import took 0.007167 seconds .

========================================================================
Received Import Request.
  Time since last request: 74.529030 seconds.
  path: Assets/Scenes/Level 1.unity
  artifactKey: Guid(20ae4801792c5401688d7b36e9680c88) Importer(815301076,1909f56bfc062723c751e8b465ee728b)
Start importing Assets/Scenes/Level 1.unity using Guid(20ae4801792c5401688d7b36e9680c88) Importer(815301076,1909f56bfc062723c751e8b465ee728b)  -> (artifact id: '630888b633f48e19fc14199b280d7b93') in 0.004157 seconds
  Import took 0.009592 seconds .

========================================================================
Received Import Request.
  Time since last request: 48.481003 seconds.
  path: Assets/Scenes/Game Over.unity
  artifactKey: Guid(daea1346ccd0e4f57a0564548b370e57) Importer(815301076,1909f56bfc062723c751e8b465ee728b)
Start importing Assets/Scenes/Game Over.unity using Guid(daea1346ccd0e4f57a0564548b370e57) Importer(815301076,1909f56bfc062723c751e8b465ee728b)  -> (artifact id: 'b78806d2ef32f5eaa2be56ef2798607c') in 0.003713 seconds
  Import took 0.007235 seconds .

========================================================================
Received Import Request.
  Time since last request: 0.000668 seconds.
  path: Assets/Scenes/Game Over.unity
  artifactKey: Guid(daea1346ccd0e4f57a0564548b370e57) Importer(815301076,1909f56bfc062723c751e8b465ee728b)
Start importing Assets/Scenes/Game Over.unity using Guid(daea1346ccd0e4f57a0564548b370e57) Importer(815301076,1909f56bfc062723c751e8b465ee728b)  -> (artifact id: 'b78806d2ef32f5eaa2be56ef2798607c') in 0.001229 seconds
  Import took 0.005859 seconds .

========================================================================
Received Prepare
Registering precompiled user dll's ...
Registered in 0.000607 seconds.
Begin MonoManager ReloadAssembly
Native extension for OSXStandalone target not found
Native extension for WebGL target not found
Refreshing native plugins compatible for Editor in 0.39 ms, found 2 plugins.
Preloading 0 native plugins for Editor in 0.00 ms.
Invoked RoslynAnalysisRunner static constructor.
RoslynAnalysisRunner will not be running.
RoslynAnalysisRunner has terminated.
Mono: successfully reloaded assembly
- Completed reload, in  1.229 seconds
Platform modules already initialized, skipping
Refreshing native plugins compatible for Editor in 0.28 ms, found 2 plugins.
Preloading 0 native plugins for Editor in 0.00 ms.
Unloading 1761 Unused Serialized files (Serialized files now loaded: 0)
System memory in use before: 148.6 MB.
System memory in use after: 148.7 MB.

Unloading 8 unused Assets to reduce memory usage. Loaded Objects now: 2229.
Total: 2.201972 ms (FindLiveObjects: 0.242367 ms CreateObjectMapping: 0.073856 ms MarkObjects: 1.868182 ms  DeleteObjects: 0.014735 ms)

========================================================================
Received Import Request.
  Time since last request: 183.334120 seconds.
  path: Assets/Images
  artifactKey: Guid(8d7af08e364564a4bac6777df9c377e5) Importer(815301076,1909f56bfc062723c751e8b465ee728b)
Start importing Assets/Images using Guid(8d7af08e364564a4bac6777df9c377e5) Importer(815301076,1909f56bfc062723c751e8b465ee728b)  -> (artifact id: 'd5de305a2034676c2bcd97dc879648a7') in 0.005334 seconds
  Import took 0.009369 seconds .

========================================================================
Received Import Request.
  Time since last request: 0.008616 seconds.
  path: Assets/Images
  artifactKey: Guid(8d7af08e364564a4bac6777df9c377e5) Importer(815301076,1909f56bfc062723c751e8b465ee728b)
Start importing Assets/Images using Guid(8d7af08e364564a4bac6777df9c377e5) Importer(815301076,1909f56bfc062723c751e8b465ee728b)  -> (artifact id: 'd5de305a2034676c2bcd97dc879648a7') in 0.001778 seconds
  Import took 0.006423 seconds .

========================================================================
Received Import Request.
  Time since last request: 7.345950 seconds.
  path: Assets/Sprites
  artifactKey: Guid(8d7af08e364564a4bac6777df9c377e5) Importer(815301076,1909f56bfc062723c751e8b465ee728b)
Start importing Assets/Sprites using Guid(8d7af08e364564a4bac6777df9c377e5) Importer(815301076,1909f56bfc062723c751e8b465ee728b)  -> (artifact id: '83654969e12a4a54ade6206db3871539') in 0.001131 seconds
  Import took 0.005006 seconds .

========================================================================
Received Import Request.
  Time since last request: 26.671386 seconds.
  path: Assets/Sprites/ball3.png
  artifactKey: Guid(409f7d7ed644249a5a91dad153f0bd43) Importer(815301076,1909f56bfc062723c751e8b465ee728b)
Start importing Assets/Sprites/ball3.png using Guid(409f7d7ed644249a5a91dad153f0bd43) Importer(815301076,1909f56bfc062723c751e8b465ee728b)  -> (artifact id: 'cd2fd52d87d6f906c8e6cbfa9a8b1688') in 0.618419 seconds
  Import took 0.622825 seconds .

========================================================================
Received Import Request.
  Time since last request: 0.000312 seconds.
  path: Assets/Sprites/Block Broken 1.png
  artifactKey: Guid(81d46a536ecf240a3929917ea0fe0861) Importer(815301076,1909f56bfc062723c751e8b465ee728b)
Start importing Assets/Sprites/Block Broken 1.png using Guid(81d46a536ecf240a3929917ea0fe0861) Importer(815301076,1909f56bfc062723c751e8b465ee728b)  -> (artifact id: '2fa8f30ec5a4a19ec3fe8f06e3196d12') in 0.011124 seconds
  Import took 0.014530 seconds .

========================================================================
Received Import Request.
  Time since last request: 0.000274 seconds.
  path: Assets/Sprites/Block Square.png
  artifactKey: Guid(a77048d1e401d4d9cb76d36d294b9485) Importer(815301076,1909f56bfc062723c751e8b465ee728b)
Start importing Assets/Sprites/Block Square.png using Guid(a77048d1e401d4d9cb76d36d294b9485) Importer(815301076,1909f56bfc062723c751e8b465ee728b)  -> (artifact id: '4d52f8522ca3eb210a31ddb0487fa5e3') in 0.009124 seconds
  Import took 0.011783 seconds .

========================================================================
Received Import Request.
  Time since last request: 0.000210 seconds.
  path: Assets/Sprites/Block Broken 2.png
  artifactKey: Guid(2af15e72f40a94eb0b31dd9ac2936a38) Importer(815301076,1909f56bfc062723c751e8b465ee728b)
Start importing Assets/Sprites/Block Broken 2.png using Guid(2af15e72f40a94eb0b31dd9ac2936a38) Importer(815301076,1909f56bfc062723c751e8b465ee728b)  -> (artifact id: '4071a6a3c8a93cad379a494e851a22b7') in 0.009293 seconds
  Import took 0.012419 seconds .

========================================================================
Received Import Request.
  Time since last request: 0.000274 seconds.
  path: Assets/Sprites/Blue Rocket Background.jpg
  artifactKey: Guid(27e94f4765af644f295d92b8086322d3) Importer(815301076,1909f56bfc062723c751e8b465ee728b)
Start importing Assets/Sprites/Blue Rocket Background.jpg using Guid(27e94f4765af644f295d92b8086322d3) Importer(815301076,1909f56bfc062723c751e8b465ee728b)  -> (artifact id: '85450d56e8b8e3c281fc57c3d3b03b78') in 0.429619 seconds
  Import took 0.434036 seconds .

========================================================================
Received Import Request.
  Time since last request: 0.000313 seconds.
  path: Assets/Sprites/Paddle.png
  artifactKey: Guid(a4d7508353d9246deb4719272bbc7997) Importer(815301076,1909f56bfc062723c751e8b465ee728b)
Start importing Assets/Sprites/Paddle.png using Guid(a4d7508353d9246deb4719272bbc7997) Importer(815301076,1909f56bfc062723c751e8b465ee728b)  -> (artifact id: 'cd720220645959f7e731e88b791d93ad') in 0.009371 seconds
  Import took 0.012494 seconds .

========================================================================
Received Import Request.
  Time since last request: 296.195509 seconds.
  path: Assets/Sprites/Blue Rocket Background.jpg
  artifactKey: Guid(27e94f4765af644f295d92b8086322d3) Importer(815301076,1909f56bfc062723c751e8b465ee728b)
Start importing Assets/Sprites/Blue Rocket Background.jpg using Guid(27e94f4765af644f295d92b8086322d3) Importer(815301076,1909f56bfc062723c751e8b465ee728b)  -> (artifact id: 'f41c5b47e8ab23e776a239e1d78eee9c') in 0.083180 seconds
  Import took 0.088045 seconds .

========================================================================
Received Prepare
Registering precompiled user dll's ...
Registered in 0.000664 seconds.
Begin MonoManager ReloadAssembly
Native extension for OSXStandalone target not found
Native extension for WebGL target not found
Refreshing native plugins compatible for Editor in 0.43 ms, found 2 plugins.
Preloading 0 native plugins for Editor in 0.00 ms.
Invoked RoslynAnalysisRunner static constructor.
RoslynAnalysisRunner will not be running.
RoslynAnalysisRunner has terminated.
Mono: successfully reloaded assembly
- Completed reload, in  1.442 seconds
Platform modules already initialized, skipping
Refreshing native plugins compatible for Editor in 0.43 ms, found 2 plugins.
Preloading 0 native plugins for Editor in 0.00 ms.
Unloading 1761 Unused Serialized files (Serialized files now loaded: 0)
System memory in use before: 161.0 MB.
System memory in use after: 161.1 MB.

Unloading 8 unused Assets to reduce memory usage. Loaded Objects now: 2241.
Total: 2.965696 ms (FindLiveObjects: 0.298715 ms CreateObjectMapping: 0.193989 ms MarkObjects: 2.449333 ms  DeleteObjects: 0.021040 ms)

========================================================================
Received Import Request.
  Time since last request: 155.553795 seconds.
  path: Assets/Sprites/Blue Rocket Background.jpg
  artifactKey: Guid(27e94f4765af644f295d92b8086322d3) Importer(815301076,1909f56bfc062723c751e8b465ee728b)
Start importing Assets/Sprites/Blue Rocket Background.jpg using Guid(27e94f4765af644f295d92b8086322d3) Importer(815301076,1909f56bfc062723c751e8b465ee728b)  -> (artifact id: '6356b479fca5f821af9cd5a3bb25c167') in 0.091596 seconds
  Import took 0.097701 seconds .

========================================================================
Received Prepare
Registering precompiled user dll's ...
Registered in 0.000867 seconds.
Begin MonoManager ReloadAssembly
Native extension for OSXStandalone target not found
Native extension for WebGL target not found
Refreshing native plugins compatible for Editor in 0.51 ms, found 2 plugins.
Preloading 0 native plugins for Editor in 0.00 ms.
Invoked RoslynAnalysisRunner static constructor.
RoslynAnalysisRunner will not be running.
RoslynAnalysisRunner has terminated.
Mono: successfully reloaded assembly
- Completed reload, in  1.395 seconds
Platform modules already initialized, skipping
Refreshing native plugins compatible for Editor in 0.29 ms, found 2 plugins.
Preloading 0 native plugins for Editor in 0.00 ms.
Unloading 1761 Unused Serialized files (Serialized files now loaded: 0)
System memory in use before: 161.3 MB.
System memory in use after: 161.4 MB.

Unloading 8 unused Assets to reduce memory usage. Loaded Objects now: 2244.
Total: 2.383913 ms (FindLiveObjects: 0.257029 ms CreateObjectMapping: 0.127375 ms MarkObjects: 1.981976 ms  DeleteObjects: 0.016115 ms)

========================================================================
Received Import Request.
  Time since last request: 127.609230 seconds.
  path: Assets/Sprites/Blue Rocket Background.jpg
  artifactKey: Guid(27e94f4765af644f295d92b8086322d3) Importer(815301076,1909f56bfc062723c751e8b465ee728b)
Start importing Assets/Sprites/Blue Rocket Background.jpg using Guid(27e94f4765af644f295d92b8086322d3) Importer(815301076,1909f56bfc062723c751e8b465ee728b)  -> (artifact id: '672e497a04fc6b8efcbca8c470de7613') in 0.089753 seconds
  Import took 0.094081 seconds .

========================================================================
Received Prepare
Registering precompiled user dll's ...
Registered in 0.000593 seconds.
Begin MonoManager ReloadAssembly
Native extension for OSXStandalone target not found
Native extension for WebGL target not found
Refreshing native plugins compatible for Editor in 0.41 ms, found 2 plugins.
Preloading 0 native plugins for Editor in 0.00 ms.
Invoked RoslynAnalysisRunner static constructor.
RoslynAnalysisRunner will not be running.
RoslynAnalysisRunner has terminated.
Mono: successfully reloaded assembly
- Completed reload, in  1.384 seconds
Platform modules already initialized, skipping
Refreshing native plugins compatible for Editor in 0.33 ms, found 2 plugins.
Preloading 0 native plugins for Editor in 0.00 ms.
Unloading 1761 Unused Serialized files (Serialized files now loaded: 0)
System memory in use before: 161.7 MB.
System memory in use after: 161.8 MB.

Unloading 8 unused Assets to reduce memory usage. Loaded Objects now: 2247.
Total: 4.393331 ms (FindLiveObjects: 0.494944 ms CreateObjectMapping: 0.128707 ms MarkObjects: 3.748355 ms  DeleteObjects: 0.019017 ms)

========================================================================
Received Prepare
Registering precompiled user dll's ...
Registered in 0.000547 seconds.
Begin MonoManager ReloadAssembly
Native extension for OSXStandalone target not found
Native extension for WebGL target not found
Refreshing native plugins compatible for Editor in 0.42 ms, found 2 plugins.
Preloading 0 native plugins for Editor in 0.00 ms.
Invoked RoslynAnalysisRunner static constructor.
RoslynAnalysisRunner will not be running.
RoslynAnalysisRunner has terminated.
Mono: successfully reloaded assembly
- Completed reload, in  1.324 seconds
Platform modules already initialized, skipping
Refreshing native plugins compatible for Editor in 0.31 ms, found 2 plugins.
Preloading 0 native plugins for Editor in 0.00 ms.
Unloading 1761 Unused Serialized files (Serialized files now loaded: 0)
System memory in use before: 162.0 MB.
System memory in use after: 162.1 MB.

Unloading 8 unused Assets to reduce memory usage. Loaded Objects now: 2249.
Total: 2.715934 ms (FindLiveObjects: 0.285830 ms CreateObjectMapping: 0.077300 ms MarkObjects: 2.320280 ms  DeleteObjects: 0.031014 ms)

========================================================================
Received Prepare
Registering precompiled user dll's ...
Registered in 0.000647 seconds.
Begin MonoManager ReloadAssembly
Native extension for OSXStandalone target not found
Native extension for WebGL target not found
Refreshing native plugins compatible for Editor in 0.48 ms, found 2 plugins.
Preloading 0 native plugins for Editor in 0.00 ms.
Invoked RoslynAnalysisRunner static constructor.
RoslynAnalysisRunner will not be running.
RoslynAnalysisRunner has terminated.
Mono: successfully reloaded assembly
- Completed reload, in  1.364 seconds
Platform modules already initialized, skipping
Refreshing native plugins compatible for Editor in 0.27 ms, found 2 plugins.
Preloading 0 native plugins for Editor in 0.00 ms.
Unloading 1761 Unused Serialized files (Serialized files now loaded: 0)
System memory in use before: 162.3 MB.
System memory in use after: 162.4 MB.

Unloading 8 unused Assets to reduce memory usage. Loaded Objects now: 2251.
Total: 2.782615 ms (FindLiveObjects: 0.273992 ms CreateObjectMapping: 0.080387 ms MarkObjects: 2.410284 ms  DeleteObjects: 0.016768 ms)

========================================================================
Received Prepare
Registering precompiled user dll's ...
Registered in 0.000638 seconds.
Begin MonoManager ReloadAssembly
Native extension for OSXStandalone target not found
Native extension for WebGL target not found
Refreshing native plugins compatible for Editor in 0.41 ms, found 2 plugins.
Preloading 0 native plugins for Editor in 0.00 ms.
Invoked RoslynAnalysisRunner static constructor.
RoslynAnalysisRunner will not be running.
RoslynAnalysisRunner has terminated.
Mono: successfully reloaded assembly
- Completed reload, in  1.377 seconds
Platform modules already initialized, skipping
Refreshing native plugins compatible for Editor in 0.29 ms, found 2 plugins.
Preloading 0 native plugins for Editor in 0.00 ms.
Unloading 1761 Unused Serialized files (Serialized files now loaded: 0)
System memory in use before: 162.7 MB.
System memory in use after: 162.8 MB.

Unloading 8 unused Assets to reduce memory usage. Loaded Objects now: 2253.
Total: 2.213868 ms (FindLiveObjects: 0.188365 ms CreateObjectMapping: 0.070343 ms MarkObjects: 1.937117 ms  DeleteObjects: 0.015784 ms)

========================================================================
Received Prepare
Registering precompiled user dll's ...
Registered in 0.000714 seconds.
Begin MonoManager ReloadAssembly
Native extension for OSXStandalone target not found
Native extension for WebGL target not found
Refreshing native plugins compatible for Editor in 0.55 ms, found 2 plugins.
Preloading 0 native plugins for Editor in 0.00 ms.
Invoked RoslynAnalysisRunner static constructor.
RoslynAnalysisRunner will not be running.
RoslynAnalysisRunner has terminated.
Mono: successfully reloaded assembly
- Completed reload, in  1.441 seconds
Platform modules already initialized, skipping
Refreshing native plugins compatible for Editor in 0.36 ms, found 2 plugins.
Preloading 0 native plugins for Editor in 0.00 ms.
Unloading 1761 Unused Serialized files (Serialized files now loaded: 0)
System memory in use before: 162.9 MB.
System memory in use after: 163.0 MB.

Unloading 8 unused Assets to reduce memory usage. Loaded Objects now: 2255.
Total: 5.459687 ms (FindLiveObjects: 0.379064 ms CreateObjectMapping: 0.135096 ms MarkObjects: 4.903172 ms  DeleteObjects: 0.039001 ms)

========================================================================
Received Import Request.
  Time since last request: 656.046998 seconds.
  path: Assets/Sprites/Paddle.png
  artifactKey: Guid(a4d7508353d9246deb4719272bbc7997) Importer(815301076,1909f56bfc062723c751e8b465ee728b)
Start importing Assets/Sprites/Paddle.png using Guid(a4d7508353d9246deb4719272bbc7997) Importer(815301076,1909f56bfc062723c751e8b465ee728b)  -> (artifact id: '89aed2fe36f92741b4d6989e100b2fd3') in 0.080398 seconds
  Import took 0.086408 seconds .

========================================================================
Received Import Request.
  Time since last request: 12.172743 seconds.
  path: Assets/Sprites/ball3.png
  artifactKey: Guid(409f7d7ed644249a5a91dad153f0bd43) Importer(815301076,1909f56bfc062723c751e8b465ee728b)
Start importing Assets/Sprites/ball3.png using Guid(409f7d7ed644249a5a91dad153f0bd43) Importer(815301076,1909f56bfc062723c751e8b465ee728b)  -> (artifact id: '80b15196b5e4c4386440d112a1c65127') in 0.049026 seconds
  Import took 0.054472 seconds .

========================================================================
Received Import Request.
  Time since last request: 13.760522 seconds.
  path: Assets/Sprites/ball3.png
  artifactKey: Guid(409f7d7ed644249a5a91dad153f0bd43) Importer(815301076,1909f56bfc062723c751e8b465ee728b)
Start importing Assets/Sprites/ball3.png using Guid(409f7d7ed644249a5a91dad153f0bd43) Importer(815301076,1909f56bfc062723c751e8b465ee728b)  -> (artifact id: '48805ed4f12999ff1ab92a484b18731b') in 0.027678 seconds
  Import took 0.032369 seconds .

========================================================================
Received Import Request.
  Time since last request: 13.299995 seconds.
  path: Assets/Sprites/Block Square.png
  artifactKey: Guid(a77048d1e401d4d9cb76d36d294b9485) Importer(815301076,1909f56bfc062723c751e8b465ee728b)
Start importing Assets/Sprites/Block Square.png using Guid(a77048d1e401d4d9cb76d36d294b9485) Importer(815301076,1909f56bfc062723c751e8b465ee728b)  -> (artifact id: '3ef0466990d59e2c75eec4871e021346') in 0.050544 seconds
  Import took 0.056240 seconds .

========================================================================
Received Import Request.
  Time since last request: 30.306464 seconds.
  path: Assets/Sprites/Block Square.png
  artifactKey: Guid(a77048d1e401d4d9cb76d36d294b9485) Importer(815301076,1909f56bfc062723c751e8b465ee728b)
Start importing Assets/Sprites/Block Square.png using Guid(a77048d1e401d4d9cb76d36d294b9485) Importer(815301076,1909f56bfc062723c751e8b465ee728b)  -> (artifact id: '2392c4563e086c2da3b9c78ebe6c2c59') in 0.020172 seconds
  Import took 0.025179 seconds .

