Using pre-set license

 COMMAND LINE ARGUMENTS:
/Applications/Unity/Hub/Editor/2020.2.1f1/Unity.app/Contents/MacOS/Unity
-adb2
-batchMode
-noUpm
-name
AssetImportWorker1
-projectPath
/Users/arturo/projects/unity/unity2d/BlockBreaker
-logFile
Logs/AssetImportWorker1.log
-srvPort
52818
Successfully changed project path to: /Users/arturo/projects/unity/unity2d/BlockBreaker
/Users/arturo/projects/unity/unity2d/BlockBreaker
Using Asset Import Pipeline V2.
Refreshing native plugins compatible for Editor in 49.41 ms, found 2 plugins.
Preloading 0 native plugins for Editor in 0.00 ms.
Initialize engine version: 2020.2.1f1 (270dd8c3da1c)
[Subsystems] Discovering subsystems at path /Applications/Unity/Hub/Editor/2020.2.1f1/Unity.app/Contents/Resources/UnitySubsystems
[Subsystems] Discovering subsystems at path /Users/arturo/projects/unity/unity2d/BlockBreaker/Assets
GfxDevice: creating device client; threaded=0
2020-12-29 20:13:45.522 Unity[34799:4106576] Color LCD preferred device: Intel Iris Pro Graphics (low power)
2020-12-29 20:13:45.522 Unity[34799:4106576] Metal devices available: 1
2020-12-29 20:13:45.522 Unity[34799:4106576] 0: Intel Iris Pro Graphics (low power)
2020-12-29 20:13:45.523 Unity[34799:4106576] Using device Intel Iris Pro Graphics (low power)
Initializing Metal device caps: Intel Iris Pro Graphics
Initialize mono
Mono path[0] = '/Applications/Unity/Hub/Editor/2020.2.1f1/Unity.app/Contents/Managed'
Mono path[1] = '/Applications/Unity/Hub/Editor/2020.2.1f1/Unity.app/Contents/MonoBleedingEdge/lib/mono/unityjit'
Mono config path = '/Applications/Unity/Hub/Editor/2020.2.1f1/Unity.app/Contents/MonoBleedingEdge/etc'
Using monoOptions --debugger-agent=transport=dt_socket,embedding=1,server=y,suspend=n,address=127.0.0.1:56799
Begin MonoManager ReloadAssembly
Registering precompiled unity dll's ...
Register platform support module: /Applications/Unity/Hub/Editor/2020.2.1f1/PlaybackEngines/WebGLSupport/UnityEditor.WebGL.Extensions.dll
Register platform support module: /Applications/Unity/Hub/Editor/2020.2.1f1/Unity.app/Contents/PlaybackEngines/MacStandaloneSupport/UnityEditor.OSXStandalone.Extensions.dll
Registered in 0.000748 seconds.
Native extension for OSXStandalone target not found
Native extension for WebGL target not found
Refreshing native plugins compatible for Editor in 43.49 ms, found 2 plugins.
Preloading 0 native plugins for Editor in 0.00 ms.
Invoked RoslynAnalysisRunner static constructor.
RoslynAnalysisRunner will not be running.
RoslynAnalysisRunner has terminated.
Mono: successfully reloaded assembly
- Completed reload, in  3.024 seconds
Platform modules already initialized, skipping
Registering precompiled user dll's ...
Registered in 0.000751 seconds.
Begin MonoManager ReloadAssembly
Native extension for OSXStandalone target not found
Native extension for WebGL target not found
Refreshing native plugins compatible for Editor in 43.48 ms, found 2 plugins.
Preloading 0 native plugins for Editor in 0.00 ms.
Invoked RoslynAnalysisRunner static constructor.
RoslynAnalysisRunner will not be running.
RoslynAnalysisRunner has terminated.
Mono: successfully reloaded assembly
- Completed reload, in  1.323 seconds
Platform modules already initialized, skipping
========================================================================
Worker process is ready to serve import requests
Launching external process: /Applications/Unity/Hub/Editor/2020.2.1f1/Unity.app/Contents/Tools/UnityShaderCompiler
Launched and connected shader compiler UnityShaderCompiler after 0.02 seconds
Refreshing native plugins compatible for Editor in 0.41 ms, found 2 plugins.
Preloading 0 native plugins for Editor in 0.00 ms.
Unloading 1777 Unused Serialized files (Serialized files now loaded: 0)
System memory in use before: 142.7 MB.
System memory in use after: 142.7 MB.

Unloading 19 unused Assets to reduce memory usage. Loaded Objects now: 2222.
Total: 3.377012 ms (FindLiveObjects: 0.349072 ms CreateObjectMapping: 0.101290 ms MarkObjects: 2.842625 ms  DeleteObjects: 0.082642 ms)

========================================================================
Received Import Request.
  path: Assets/Scripts/GameStatus.cs
  artifactKey: Guid(076d6468c048a41909573fc02aaedb6c) Importer(815301076,1909f56bfc062723c751e8b465ee728b)
Start importing Assets/Scripts/GameStatus.cs using Guid(076d6468c048a41909573fc02aaedb6c) Importer(815301076,1909f56bfc062723c751e8b465ee728b)  -> (artifact id: '076bae297a78207516e103657b1239fd') in 0.853829 seconds
  Import took 0.858322 seconds .

========================================================================
Received Prepare
Registering precompiled user dll's ...
Registered in 0.000756 seconds.
Begin MonoManager ReloadAssembly
Native extension for OSXStandalone target not found
Native extension for WebGL target not found
Refreshing native plugins compatible for Editor in 0.40 ms, found 2 plugins.
Preloading 0 native plugins for Editor in 0.00 ms.
Invoked RoslynAnalysisRunner static constructor.
RoslynAnalysisRunner will not be running.
RoslynAnalysisRunner has terminated.
Mono: successfully reloaded assembly
- Completed reload, in  1.263 seconds
Platform modules already initialized, skipping
Refreshing native plugins compatible for Editor in 0.41 ms, found 2 plugins.
Preloading 0 native plugins for Editor in 0.00 ms.
Unloading 1767 Unused Serialized files (Serialized files now loaded: 0)
System memory in use before: 146.9 MB.
System memory in use after: 146.9 MB.

Unloading 8 unused Assets to reduce memory usage. Loaded Objects now: 2224.
Total: 3.668255 ms (FindLiveObjects: 0.386579 ms CreateObjectMapping: 0.147739 ms MarkObjects: 3.107632 ms  DeleteObjects: 0.023926 ms)

========================================================================
Received Import Request.
  Time since last request: 100.871516 seconds.
  path: Assets/Scripts/GameStatus.cs
  artifactKey: Guid(076d6468c048a41909573fc02aaedb6c) Importer(815301076,1909f56bfc062723c751e8b465ee728b)
Start importing Assets/Scripts/GameStatus.cs using Guid(076d6468c048a41909573fc02aaedb6c) Importer(815301076,1909f56bfc062723c751e8b465ee728b)  -> (artifact id: '2fd4959887d274c170e5d6f658d0894d') in 0.007896 seconds
  Import took 0.012332 seconds .

========================================================================
Received Prepare
Registering precompiled user dll's ...
Registered in 0.000676 seconds.
Begin MonoManager ReloadAssembly
Native extension for OSXStandalone target not found
Native extension for WebGL target not found
Refreshing native plugins compatible for Editor in 0.40 ms, found 2 plugins.
Preloading 0 native plugins for Editor in 0.00 ms.
Invoked RoslynAnalysisRunner static constructor.
RoslynAnalysisRunner will not be running.
RoslynAnalysisRunner has terminated.
Mono: successfully reloaded assembly
- Completed reload, in  1.218 seconds
Platform modules already initialized, skipping
Refreshing native plugins compatible for Editor in 0.47 ms, found 2 plugins.
Preloading 0 native plugins for Editor in 0.00 ms.
Unloading 1767 Unused Serialized files (Serialized files now loaded: 0)
System memory in use before: 147.2 MB.
System memory in use after: 147.3 MB.

Unloading 8 unused Assets to reduce memory usage. Loaded Objects now: 2226.
Total: 2.543982 ms (FindLiveObjects: 0.350127 ms CreateObjectMapping: 0.105422 ms MarkObjects: 2.068612 ms  DeleteObjects: 0.016096 ms)

========================================================================
Received Prepare
Registering precompiled user dll's ...
Registered in 0.000667 seconds.
Begin MonoManager ReloadAssembly
Native extension for OSXStandalone target not found
Native extension for WebGL target not found
Refreshing native plugins compatible for Editor in 0.44 ms, found 2 plugins.
Preloading 0 native plugins for Editor in 0.00 ms.
Invoked RoslynAnalysisRunner static constructor.
RoslynAnalysisRunner will not be running.
RoslynAnalysisRunner has terminated.
Mono: successfully reloaded assembly
- Completed reload, in  1.214 seconds
Platform modules already initialized, skipping
Refreshing native plugins compatible for Editor in 0.45 ms, found 2 plugins.
Preloading 0 native plugins for Editor in 0.00 ms.
Unloading 1767 Unused Serialized files (Serialized files now loaded: 0)
System memory in use before: 147.6 MB.
System memory in use after: 147.6 MB.

Unloading 8 unused Assets to reduce memory usage. Loaded Objects now: 2228.
Total: 3.250463 ms (FindLiveObjects: 0.357912 ms CreateObjectMapping: 0.097620 ms MarkObjects: 2.774130 ms  DeleteObjects: 0.019053 ms)

========================================================================
Received Import Request.
  Time since last request: 178.053584 seconds.
  path: Assets/Prefabs/Game Status.prefab
  artifactKey: Guid(965125b92f8864ab38bea05bf7335c57) Importer(815301076,1909f56bfc062723c751e8b465ee728b)
Start importing Assets/Prefabs/Game Status.prefab using Guid(965125b92f8864ab38bea05bf7335c57) Importer(815301076,1909f56bfc062723c751e8b465ee728b)  -> (artifact id: '0d92792c85c8fe47cb25f445ec2c7102') in 0.292894 seconds
  Import took 0.297660 seconds .

========================================================================
Received Prepare
Registering precompiled user dll's ...
Registered in 0.000548 seconds.
Begin MonoManager ReloadAssembly
Native extension for OSXStandalone target not found
Native extension for WebGL target not found
Refreshing native plugins compatible for Editor in 0.52 ms, found 2 plugins.
Preloading 0 native plugins for Editor in 0.00 ms.
Invoked RoslynAnalysisRunner static constructor.
RoslynAnalysisRunner will not be running.
RoslynAnalysisRunner has terminated.
Mono: successfully reloaded assembly
- Completed reload, in  1.241 seconds
Platform modules already initialized, skipping
Refreshing native plugins compatible for Editor in 0.40 ms, found 2 plugins.
Preloading 0 native plugins for Editor in 0.00 ms.
Unloading 1767 Unused Serialized files (Serialized files now loaded: 0)
System memory in use before: 152.2 MB.
System memory in use after: 152.3 MB.

Unloading 8 unused Assets to reduce memory usage. Loaded Objects now: 2230.
Total: 2.457954 ms (FindLiveObjects: 0.269580 ms CreateObjectMapping: 0.078930 ms MarkObjects: 2.089413 ms  DeleteObjects: 0.018470 ms)

========================================================================
Received Prepare
Registering precompiled user dll's ...
Registered in 0.000653 seconds.
Begin MonoManager ReloadAssembly
Native extension for OSXStandalone target not found
Native extension for WebGL target not found
Refreshing native plugins compatible for Editor in 0.39 ms, found 2 plugins.
Preloading 0 native plugins for Editor in 0.00 ms.
Invoked RoslynAnalysisRunner static constructor.
RoslynAnalysisRunner will not be running.
RoslynAnalysisRunner has terminated.
Mono: successfully reloaded assembly
- Completed reload, in  1.200 seconds
Platform modules already initialized, skipping
Refreshing native plugins compatible for Editor in 0.42 ms, found 2 plugins.
Preloading 0 native plugins for Editor in 0.00 ms.
Unloading 1767 Unused Serialized files (Serialized files now loaded: 0)
System memory in use before: 152.6 MB.
System memory in use after: 152.6 MB.

Unloading 8 unused Assets to reduce memory usage. Loaded Objects now: 2232.
Total: 3.862244 ms (FindLiveObjects: 0.396173 ms CreateObjectMapping: 0.131114 ms MarkObjects: 3.305816 ms  DeleteObjects: 0.026771 ms)

========================================================================
Received Import Request.
  Time since last request: 216.346186 seconds.
  path: Assets/Scenes/Level 2.unity
  artifactKey: Guid(99edc5a05bd794628a5d60255c6023f6) Importer(815301076,1909f56bfc062723c751e8b465ee728b)
Start importing Assets/Scenes/Level 2.unity using Guid(99edc5a05bd794628a5d60255c6023f6) Importer(815301076,1909f56bfc062723c751e8b465ee728b)  -> (artifact id: 'e3d42b4442b7c7dca2a7b5fe4fc65977') in 0.015019 seconds
  Import took 0.018887 seconds .

========================================================================
Received Import Request.
  Time since last request: 2.492694 seconds.
  path: Assets/Materials/Bounce.physicsMaterial2D
  artifactKey: Guid(da8acf67b71914f0090f50f121f91a4c) Importer(815301076,1909f56bfc062723c751e8b465ee728b)
Start importing Assets/Materials/Bounce.physicsMaterial2D using Guid(da8acf67b71914f0090f50f121f91a4c) Importer(815301076,1909f56bfc062723c751e8b465ee728b)  -> (artifact id: '6b16a23cf25dc50fcbe167dba9f402d7') in 0.173208 seconds
  Import took 0.177727 seconds .

========================================================================
Received Import Request.
  Time since last request: 126.793400 seconds.
  path: Assets/Scenes/Level 1.unity
  artifactKey: Guid(20ae4801792c5401688d7b36e9680c88) Importer(815301076,1909f56bfc062723c751e8b465ee728b)
Start importing Assets/Scenes/Level 1.unity using Guid(20ae4801792c5401688d7b36e9680c88) Importer(815301076,1909f56bfc062723c751e8b465ee728b)  -> (artifact id: 'f8034d1f2355d9b92c56de28b1e5edd0') in 0.002297 seconds
  Import took 0.006834 seconds .

========================================================================
Received Import Request.
  Time since last request: 0.001096 seconds.
  path: Assets/Scenes/Level 1.unity
  artifactKey: Guid(20ae4801792c5401688d7b36e9680c88) Importer(815301076,1909f56bfc062723c751e8b465ee728b)
Start importing Assets/Scenes/Level 1.unity using Guid(20ae4801792c5401688d7b36e9680c88) Importer(815301076,1909f56bfc062723c751e8b465ee728b)  -> (artifact id: 'f8034d1f2355d9b92c56de28b1e5edd0') in 0.001351 seconds
  Import took 0.005311 seconds .

========================================================================
Received Prepare
Registering precompiled user dll's ...
Registered in 0.000544 seconds.
Begin MonoManager ReloadAssembly
Native extension for OSXStandalone target not found
Native extension for WebGL target not found
Refreshing native plugins compatible for Editor in 0.56 ms, found 2 plugins.
Preloading 0 native plugins for Editor in 0.00 ms.
Invoked RoslynAnalysisRunner static constructor.
RoslynAnalysisRunner will not be running.
RoslynAnalysisRunner has terminated.
Mono: successfully reloaded assembly
- Completed reload, in  1.225 seconds
Platform modules already initialized, skipping
Refreshing native plugins compatible for Editor in 0.45 ms, found 2 plugins.
Preloading 0 native plugins for Editor in 0.00 ms.
Unloading 1767 Unused Serialized files (Serialized files now loaded: 0)
System memory in use before: 157.0 MB.
System memory in use after: 157.1 MB.

Unloading 8 unused Assets to reduce memory usage. Loaded Objects now: 2234.
Total: 3.751470 ms (FindLiveObjects: 0.395393 ms CreateObjectMapping: 0.127767 ms MarkObjects: 3.187408 ms  DeleteObjects: 0.038859 ms)

========================================================================
Received Prepare
Registering precompiled user dll's ...
Registered in 0.000571 seconds.
Begin MonoManager ReloadAssembly
Native extension for OSXStandalone target not found
Native extension for WebGL target not found
Refreshing native plugins compatible for Editor in 0.44 ms, found 2 plugins.
Preloading 0 native plugins for Editor in 0.00 ms.
Invoked RoslynAnalysisRunner static constructor.
RoslynAnalysisRunner will not be running.
RoslynAnalysisRunner has terminated.
Mono: successfully reloaded assembly
- Completed reload, in  1.252 seconds
Platform modules already initialized, skipping
Refreshing native plugins compatible for Editor in 0.43 ms, found 2 plugins.
Preloading 0 native plugins for Editor in 0.00 ms.
Unloading 1767 Unused Serialized files (Serialized files now loaded: 0)
System memory in use before: 157.4 MB.
System memory in use after: 157.5 MB.

Unloading 8 unused Assets to reduce memory usage. Loaded Objects now: 2236.
Total: 2.873006 ms (FindLiveObjects: 0.262884 ms CreateObjectMapping: 0.099070 ms MarkObjects: 2.489975 ms  DeleteObjects: 0.019568 ms)

========================================================================
Received Import Request.
  Time since last request: 345.168348 seconds.
  path: Assets/Scenes/Level 2.unity
  artifactKey: Guid(99edc5a05bd794628a5d60255c6023f6) Importer(815301076,1909f56bfc062723c751e8b465ee728b)
Start importing Assets/Scenes/Level 2.unity using Guid(99edc5a05bd794628a5d60255c6023f6) Importer(815301076,1909f56bfc062723c751e8b465ee728b)  -> (artifact id: 'f8d5c92bc35fe51c8c059632fb70d1db') in 0.015512 seconds
  Import took 0.019751 seconds .

========================================================================
Received Import Request.
  Time since last request: 225.360920 seconds.
  path: Assets/Prefabs/Game Status.prefab
  artifactKey: Guid(965125b92f8864ab38bea05bf7335c57) Importer(815301076,1909f56bfc062723c751e8b465ee728b)
Start importing Assets/Prefabs/Game Status.prefab using Guid(965125b92f8864ab38bea05bf7335c57) Importer(815301076,1909f56bfc062723c751e8b465ee728b)  -> (artifact id: '91cfcfc33586221bb54bf5b9b6ee705a') in 0.021397 seconds
  Import took 0.025954 seconds .

========================================================================
Received Prepare
Registering precompiled user dll's ...
Registered in 0.000594 seconds.
Begin MonoManager ReloadAssembly
Native extension for OSXStandalone target not found
Native extension for WebGL target not found
Refreshing native plugins compatible for Editor in 0.40 ms, found 2 plugins.
Preloading 0 native plugins for Editor in 0.00 ms.
Invoked RoslynAnalysisRunner static constructor.
RoslynAnalysisRunner will not be running.
RoslynAnalysisRunner has terminated.
Mono: successfully reloaded assembly
- Completed reload, in  1.232 seconds
Platform modules already initialized, skipping
Refreshing native plugins compatible for Editor in 0.50 ms, found 2 plugins.
Preloading 0 native plugins for Editor in 0.00 ms.
Unloading 1767 Unused Serialized files (Serialized files now loaded: 0)
System memory in use before: 157.7 MB.
System memory in use after: 157.8 MB.

Unloading 8 unused Assets to reduce memory usage. Loaded Objects now: 2238.
Total: 2.554447 ms (FindLiveObjects: 0.226331 ms CreateObjectMapping: 0.069990 ms MarkObjects: 2.234785 ms  DeleteObjects: 0.021702 ms)

========================================================================
Received Prepare
Registering precompiled user dll's ...
Registered in 0.000632 seconds.
Begin MonoManager ReloadAssembly
Native extension for OSXStandalone target not found
Native extension for WebGL target not found
Refreshing native plugins compatible for Editor in 0.44 ms, found 2 plugins.
Preloading 0 native plugins for Editor in 0.00 ms.
Invoked RoslynAnalysisRunner static constructor.
RoslynAnalysisRunner will not be running.
RoslynAnalysisRunner has terminated.
Mono: successfully reloaded assembly
- Completed reload, in  1.251 seconds
Platform modules already initialized, skipping
Refreshing native plugins compatible for Editor in 0.53 ms, found 2 plugins.
Preloading 0 native plugins for Editor in 0.00 ms.
Unloading 1767 Unused Serialized files (Serialized files now loaded: 0)
System memory in use before: 158.1 MB.
System memory in use after: 158.2 MB.

Unloading 8 unused Assets to reduce memory usage. Loaded Objects now: 2240.
Total: 2.542215 ms (FindLiveObjects: 0.322758 ms CreateObjectMapping: 0.075400 ms MarkObjects: 2.125528 ms  DeleteObjects: 0.017257 ms)

========================================================================
Received Prepare
Registering precompiled user dll's ...
Registered in 0.000730 seconds.
Begin MonoManager ReloadAssembly
Native extension for OSXStandalone target not found
Native extension for WebGL target not found
Refreshing native plugins compatible for Editor in 0.39 ms, found 2 plugins.
Preloading 0 native plugins for Editor in 0.00 ms.
Invoked RoslynAnalysisRunner static constructor.
RoslynAnalysisRunner will not be running.
RoslynAnalysisRunner has terminated.
Mono: successfully reloaded assembly
- Completed reload, in  1.202 seconds
Platform modules already initialized, skipping
Refreshing native plugins compatible for Editor in 0.49 ms, found 2 plugins.
Preloading 0 native plugins for Editor in 0.00 ms.
Unloading 1767 Unused Serialized files (Serialized files now loaded: 0)
System memory in use before: 158.4 MB.
System memory in use after: 158.5 MB.

Unloading 8 unused Assets to reduce memory usage. Loaded Objects now: 2242.
Total: 2.334402 ms (FindLiveObjects: 0.230026 ms CreateObjectMapping: 0.064931 ms MarkObjects: 2.022268 ms  DeleteObjects: 0.015952 ms)

========================================================================
Received Prepare
Registering precompiled user dll's ...
Registered in 0.000722 seconds.
Begin MonoManager ReloadAssembly
Native extension for OSXStandalone target not found
Native extension for WebGL target not found
Refreshing native plugins compatible for Editor in 0.55 ms, found 2 plugins.
Preloading 0 native plugins for Editor in 0.00 ms.
Invoked RoslynAnalysisRunner static constructor.
RoslynAnalysisRunner will not be running.
RoslynAnalysisRunner has terminated.
Mono: successfully reloaded assembly
- Completed reload, in  1.214 seconds
Platform modules already initialized, skipping
Refreshing native plugins compatible for Editor in 0.42 ms, found 2 plugins.
Preloading 0 native plugins for Editor in 0.00 ms.
Unloading 1767 Unused Serialized files (Serialized files now loaded: 0)
System memory in use before: 158.7 MB.
System memory in use after: 158.8 MB.

Unloading 8 unused Assets to reduce memory usage. Loaded Objects now: 2244.
Total: 2.991689 ms (FindLiveObjects: 0.263009 ms CreateObjectMapping: 0.096621 ms MarkObjects: 2.608968 ms  DeleteObjects: 0.021208 ms)

========================================================================
Received Import Request.
  Time since last request: 315.708109 seconds.
  path: Assets/Prefabs/Game Canvas.prefab
  artifactKey: Guid(fc60e0fc24d5d4266a81f604fb0c7bfb) Importer(815301076,1909f56bfc062723c751e8b465ee728b)
Start importing Assets/Prefabs/Game Canvas.prefab using Guid(fc60e0fc24d5d4266a81f604fb0c7bfb) Importer(815301076,1909f56bfc062723c751e8b465ee728b)  -> (artifact id: 'fa75b377ccff758b52222b9eb5d1f550') in 0.043811 seconds
  Import took 0.048256 seconds .

========================================================================
Received Prepare
Registering precompiled user dll's ...
Registered in 0.002692 seconds.
Begin MonoManager ReloadAssembly
Native extension for OSXStandalone target not found
Native extension for WebGL target not found
Refreshing native plugins compatible for Editor in 0.43 ms, found 2 plugins.
Preloading 0 native plugins for Editor in 0.00 ms.
Invoked RoslynAnalysisRunner static constructor.
RoslynAnalysisRunner will not be running.
RoslynAnalysisRunner has terminated.
Mono: successfully reloaded assembly
- Completed reload, in  1.252 seconds
Platform modules already initialized, skipping
Refreshing native plugins compatible for Editor in 0.46 ms, found 2 plugins.
Preloading 0 native plugins for Editor in 0.00 ms.
Unloading 1767 Unused Serialized files (Serialized files now loaded: 0)
System memory in use before: 159.2 MB.
System memory in use after: 159.2 MB.

Unloading 8 unused Assets to reduce memory usage. Loaded Objects now: 2248.
Total: 3.496992 ms (FindLiveObjects: 0.351186 ms CreateObjectMapping: 0.097701 ms MarkObjects: 3.023980 ms  DeleteObjects: 0.022413 ms)

========================================================================
Received Import Request.
  Time since last request: 247.524584 seconds.
  path: Assets/Prefabs/Game Status.prefab
  artifactKey: Guid(965125b92f8864ab38bea05bf7335c57) Importer(815301076,1909f56bfc062723c751e8b465ee728b)
Start importing Assets/Prefabs/Game Status.prefab using Guid(965125b92f8864ab38bea05bf7335c57) Importer(815301076,1909f56bfc062723c751e8b465ee728b)  -> (artifact id: '863a4db128ee0171c7cd05aa411b078f') in 0.033666 seconds
  Import took 0.038183 seconds .

========================================================================
Received Prepare
Registering precompiled user dll's ...
Registered in 0.000587 seconds.
Begin MonoManager ReloadAssembly
Native extension for OSXStandalone target not found
Native extension for WebGL target not found
Refreshing native plugins compatible for Editor in 0.42 ms, found 2 plugins.
Preloading 0 native plugins for Editor in 0.00 ms.
Invoked RoslynAnalysisRunner static constructor.
RoslynAnalysisRunner will not be running.
RoslynAnalysisRunner has terminated.
Mono: successfully reloaded assembly
- Completed reload, in  1.214 seconds
Platform modules already initialized, skipping
Refreshing native plugins compatible for Editor in 0.40 ms, found 2 plugins.
Preloading 0 native plugins for Editor in 0.00 ms.
Unloading 1767 Unused Serialized files (Serialized files now loaded: 0)
System memory in use before: 159.5 MB.
System memory in use after: 159.6 MB.

Unloading 8 unused Assets to reduce memory usage. Loaded Objects now: 2250.
Total: 2.337025 ms (FindLiveObjects: 0.268335 ms CreateObjectMapping: 0.076059 ms MarkObjects: 1.976410 ms  DeleteObjects: 0.015017 ms)

========================================================================
Received Prepare
Registering precompiled user dll's ...
Registered in 0.000720 seconds.
Begin MonoManager ReloadAssembly
Native extension for OSXStandalone target not found
Native extension for WebGL target not found
Refreshing native plugins compatible for Editor in 0.40 ms, found 2 plugins.
Preloading 0 native plugins for Editor in 0.00 ms.
Invoked RoslynAnalysisRunner static constructor.
RoslynAnalysisRunner will not be running.
RoslynAnalysisRunner has terminated.
Mono: successfully reloaded assembly
- Completed reload, in  1.208 seconds
Platform modules already initialized, skipping
Refreshing native plugins compatible for Editor in 0.43 ms, found 2 plugins.
Preloading 0 native plugins for Editor in 0.00 ms.
Unloading 1767 Unused Serialized files (Serialized files now loaded: 0)
System memory in use before: 158.8 MB.
System memory in use after: 158.9 MB.

Unloading 8 unused Assets to reduce memory usage. Loaded Objects now: 2252.
Total: 2.765617 ms (FindLiveObjects: 0.354047 ms CreateObjectMapping: 0.127642 ms MarkObjects: 2.265545 ms  DeleteObjects: 0.016793 ms)

========================================================================
Received Prepare
Registering precompiled user dll's ...
Registered in 0.000665 seconds.
Begin MonoManager ReloadAssembly
Native extension for OSXStandalone target not found
Native extension for WebGL target not found
Refreshing native plugins compatible for Editor in 0.39 ms, found 2 plugins.
Preloading 0 native plugins for Editor in 0.00 ms.
Invoked RoslynAnalysisRunner static constructor.
RoslynAnalysisRunner will not be running.
RoslynAnalysisRunner has terminated.
Mono: successfully reloaded assembly
- Completed reload, in  1.199 seconds
Platform modules already initialized, skipping
Refreshing native plugins compatible for Editor in 0.43 ms, found 2 plugins.
Preloading 0 native plugins for Editor in 0.00 ms.
Unloading 1767 Unused Serialized files (Serialized files now loaded: 0)
System memory in use before: 159.1 MB.
System memory in use after: 159.2 MB.

Unloading 8 unused Assets to reduce memory usage. Loaded Objects now: 2254.
Total: 3.890950 ms (FindLiveObjects: 0.392887 ms CreateObjectMapping: 0.124944 ms MarkObjects: 3.348014 ms  DeleteObjects: 0.023168 ms)

